CRITICAL - 2021-11-06 21:12:38 --> Call to undefined function App\Controllers\logged_in()
#0 /var/www/html/elearning-pkk/vendor/codeigniter4/framework/system/CodeIgniter.php(802): App\Controllers\User->index()
#1 /var/www/html/elearning-pkk/vendor/codeigniter4/framework/system/CodeIgniter.php(399): CodeIgniter\CodeIgniter->runController()
#2 /var/www/html/elearning-pkk/vendor/codeigniter4/framework/system/CodeIgniter.php(317): CodeIgniter\CodeIgniter->handleRequest()
#3 /var/www/html/elearning-pkk/index.php(37): CodeIgniter\CodeIgniter->run()
#4 {main}
CRITICAL - 2021-11-06 21:13:49 --> Invalid file: users/index.php
#0 /var/www/html/elearning-pkk/vendor/codeigniter4/framework/system/View/View.php(198): CodeIgniter\Exceptions\FrameworkException::forInvalidFile()
#1 /var/www/html/elearning-pkk/vendor/codeigniter4/framework/system/Common.php(1092): CodeIgniter\View\View->render()
#2 /var/www/html/elearning-pkk/app/Controllers/User.php(46): view()
#3 /var/www/html/elearning-pkk/vendor/codeigniter4/framework/system/CodeIgniter.php(802): App\Controllers\User->index()
#4 /var/www/html/elearning-pkk/vendor/codeigniter4/framework/system/CodeIgniter.php(399): CodeIgniter\CodeIgniter->runController()
#5 /var/www/html/elearning-pkk/vendor/codeigniter4/framework/system/CodeIgniter.php(317): CodeIgniter\CodeIgniter->handleRequest()
#6 /var/www/html/elearning-pkk/index.php(37): CodeIgniter\CodeIgniter->run()
#7 {main}
CRITICAL - 2021-11-06 21:21:50 --> Invalid file: users/index.php
#0 /var/www/html/elearning-pkk/vendor/codeigniter4/framework/system/View/View.php(198): CodeIgniter\Exceptions\FrameworkException::forInvalidFile()
#1 /var/www/html/elearning-pkk/vendor/codeigniter4/framework/system/Common.php(1092): CodeIgniter\View\View->render()
#2 /var/www/html/elearning-pkk/app/Controllers/User.php(46): view()
#3 /var/www/html/elearning-pkk/vendor/codeigniter4/framework/system/CodeIgniter.php(802): App\Controllers\User->index()
#4 /var/www/html/elearning-pkk/vendor/codeigniter4/framework/system/CodeIgniter.php(399): CodeIgniter\CodeIgniter->runController()
#5 /var/www/html/elearning-pkk/vendor/codeigniter4/framework/system/CodeIgniter.php(317): CodeIgniter\CodeIgniter->handleRequest()
#6 /var/www/html/elearning-pkk/index.php(37): CodeIgniter\CodeIgniter->run()
#7 {main}
CRITICAL - 2021-11-06 21:22:29 --> Invalid file: users/index.php
#0 /var/www/html/elearning-pkk/vendor/codeigniter4/framework/system/View/View.php(198): CodeIgniter\Exceptions\FrameworkException::forInvalidFile()
#1 /var/www/html/elearning-pkk/vendor/codeigniter4/framework/system/Common.php(1092): CodeIgniter\View\View->render()
#2 /var/www/html/elearning-pkk/app/Controllers/User.php(46): view()
#3 /var/www/html/elearning-pkk/vendor/codeigniter4/framework/system/CodeIgniter.php(802): App\Controllers\User->index()
#4 /var/www/html/elearning-pkk/vendor/codeigniter4/framework/system/CodeIgniter.php(399): CodeIgniter\CodeIgniter->runController()
#5 /var/www/html/elearning-pkk/vendor/codeigniter4/framework/system/CodeIgniter.php(317): CodeIgniter\CodeIgniter->handleRequest()
#6 /var/www/html/elearning-pkk/public/index.php(37): CodeIgniter\CodeIgniter->run()
#7 {main}
ERROR - 2021-11-06 21:31:28 --> Error connecting to the database: Access denied for user ''@'localhost' (using password: NO)
CRITICAL - 2021-11-06 21:31:28 --> Unable to connect to the database.
Main connection [MySQLi]: Access denied for user ''@'localhost' (using password: NO)
#0 /var/www/html/elearning-pkk/vendor/codeigniter4/framework/system/Database/BaseConnection.php(570): CodeIgniter\Database\BaseConnection->initialize()
#1 /var/www/html/elearning-pkk/vendor/codeigniter4/framework/system/Database/BaseBuilder.php(1428): CodeIgniter\Database\BaseConnection->query()
#2 /var/www/html/elearning-pkk/vendor/codeigniter4/framework/system/Model.php(142): CodeIgniter\Database\BaseBuilder->get()
#3 /var/www/html/elearning-pkk/vendor/codeigniter4/framework/system/BaseModel.php(523): CodeIgniter\Model->doFind()
#4 /var/www/html/elearning-pkk/vendor/myth/auth/src/Authentication/AuthenticationBase.php(137): CodeIgniter\BaseModel->find()
#5 /var/www/html/elearning-pkk/vendor/myth/auth/src/Authentication/LocalAuthenticator.php(70): Myth\Auth\Authentication\AuthenticationBase->isLoggedIn()
#6 /var/www/html/elearning-pkk/vendor/myth/auth/src/Controllers/AuthController.php(46): Myth\Auth\Authentication\LocalAuthenticator->check()
#7 /var/www/html/elearning-pkk/vendor/codeigniter4/framework/system/CodeIgniter.php(802): Myth\Auth\Controllers\AuthController->login()
#8 /var/www/html/elearning-pkk/vendor/codeigniter4/framework/system/CodeIgniter.php(399): CodeIgniter\CodeIgniter->runController()
#9 /var/www/html/elearning-pkk/vendor/codeigniter4/framework/system/CodeIgniter.php(317): CodeIgniter\CodeIgniter->handleRequest()
#10 /var/www/html/elearning-pkk/public/index.php(37): CodeIgniter\CodeIgniter->run()
#11 {main}
